<?xml version="1.0" encoding="UTF-8" ?>
<testsuite errors="0" failures="0" hostname="slipper.local" name="rita.test.RiStringTest" tests="43" time="0.034" timestamp="2014-04-17T11:25:52">
  <properties>
[...]
</properties>
  <testcase classname="rita.test.RiStringTest" name="testWords" time="0.0" />
  <testcase classname="rita.test.RiStringTest" name="testRiStringObjectCharSequence" time="0.0" />
  <testcase classname="rita.test.RiStringTest" name="testRiStringCharSequence" time="0.0" />
  <testcase classname="rita.test.RiStringTest" name="testSubSequence" time="0.0" />
  <testcase classname="rita.test.RiStringTest" name="testSubstring" time="0.0" />
  <testcase classname="rita.test.RiStringTest" name="testAnalyze" time="0.0010" />
  <testcase classname="rita.test.RiStringTest" name="testCharAt" time="0.0010" />
  <testcase classname="rita.test.RiStringTest" name="testConcatRiString" time="0.0" />
  <testcase classname="rita.test.RiStringTest" name="testConcatString" time="0.0" />
  <testcase classname="rita.test.RiStringTest" name="testEndsWith" time="0.0" />
  <testcase classname="rita.test.RiStringTest" name="testEqualsIgnoreCaseString" time="0.0" />
  <testcase classname="rita.test.RiStringTest" name="testGet" time="0.0" />
  <testcase classname="rita.test.RiStringTest" name="testFeatures" time="0.0010" />
  <testcase classname="rita.test.RiStringTest" name="testIndexOf" time="0.0" />
  <testcase classname="rita.test.RiStringTest" name="testInsertWordAt" time="0.0010" />
  <testcase classname="rita.test.RiStringTest" name="testLastIndexOf" time="0.0" />
  <testcase classname="rita.test.RiStringTest" name="testLength" time="0.0" />
  <testcase classname="rita.test.RiStringTest" name="testMatch" time="0.0010" />
  <testcase classname="rita.test.RiStringTest" name="testPos" time="0.0" />
  <testcase classname="rita.test.RiStringTest" name="testPosAt" time="0.0040" />
  <testcase classname="rita.test.RiStringTest" name="testRemoveCharAt" time="0.0" />
  <testcase classname="rita.test.RiStringTest" name="testReplaceCharAt" time="0.0010" />
  <testcase classname="rita.test.RiStringTest" name="testReplaceFirst" time="0.0" />
  <testcase classname="rita.test.RiStringTest" name="testReplaceFirstRegex" time="0.0" />
  <testcase classname="rita.test.RiStringTest" name="testReplaceLast" time="0.0" />
  <testcase classname="rita.test.RiStringTest" name="testReplaceAll" time="0.0010" />
  <testcase classname="rita.test.RiStringTest" name="testReplaceWordAt" time="0.0010" />
  <testcase classname="rita.test.RiStringTest" name="testSlice" time="0.0" />
  <testcase classname="rita.test.RiStringTest" name="testSplit" time="0.0010" />
  <testcase classname="rita.test.RiStringTest" name="testStartsWith" time="0.0" />
  <testcase classname="rita.test.RiStringTest" name="testSubstr" time="0.0010" />
  <testcase classname="rita.test.RiStringTest" name="testText" time="0.0" />
  <testcase classname="rita.test.RiStringTest" name="testToCharArray" time="0.0" />
  <testcase classname="rita.test.RiStringTest" name="testToLowerCase" time="0.0" />
  <testcase classname="rita.test.RiStringTest" name="testToUpperCase" time="0.0" />
  <testcase classname="rita.test.RiStringTest" name="testTrim" time="0.0" />
  <testcase classname="rita.test.RiStringTest" name="testWordAt" time="0.0030" />
  <testcase classname="rita.test.RiStringTest" name="testWordCount" time="0.0010" />
  <testcase classname="rita.test.RiStringTest" name="testCopy" time="0.0" />
  <testcase classname="rita.test.RiStringTest" name="testStringify" time="0.0" />
  <testcase classname="rita.test.RiStringTest" name="testSyllabifyString" time="0.0" />
  <testcase classname="rita.test.RiStringTest" name="testSyllabifyArray" time="0.0010" />
  <testcase classname="rita.test.RiStringTest" name="testSyllabifyBatch" time="0.0020" />
  <system-out><![CDATA[[RiTa] Used LTS-rules for 'laggin'
[RiTa] Used LTS-rules for 'laggin'
]]></system-out>
  <system-err><![CDATA[]]></system-err>
</testsuite>
